[info] : 14-07-2024 18:11:25.2525 - Request recieved POST /signup 
[info] : 14-07-2024 18:11:25.2525 - [controllers/auth/signup] : signup() func started... 
[warn] : 14-07-2024 18:11:26.2626 - Found existing user with this email: jasssi@gmail.com 
[info] : 14-07-2024 18:11:26.2626 - Response send with 400 Bad Request;  33b sent 
[info] : 14-07-2024 18:11:52.5252 - Request recieved POST /signup 
[info] : 14-07-2024 18:11:52.5252 - [controllers/auth/signup] : signup() func started... 
[error] : 14-07-2024 18:11:52.5252 - [controllers/auth/signup] ERRORCannot create property 'Symbol(level)' on string 'New User is created: {
  name: 'Jasmeet Kaur',
  email: 'jasssi@gmail.com',
  password: '$2b$10$g.2jZgzWPRszCl3VXMZT4OvVtitXn/MLSsTSk7Dfi9/zs.FFuRk06',
  verified: false,
  _id: new ObjectId("6693c7901e8e687fe969e04f"),
  __v: 0
}' 
[info] : 14-07-2024 18:11:52.5252 - Response send with 500 Internal Server Error;  50b sent 
[info] : 14-07-2024 18:12:55.5555 - Request recieved POST /signup 
[info] : 14-07-2024 18:12:55.5555 - [controllers/auth/signup] : signup() func started... 
[error] : 14-07-2024 18:12:56.5656 - [controllers/auth/signup] ERRORCannot create property 'Symbol(level)' on string 'New User is created: {"name":"Jasmeet Kaur","email":"jasssi@gmail.com","password":"$2b$10$/aOItDV2Qc4EXJAZLy.q7Oru8TB4Go2DzbPE1xERzsXsR8BbHd.Ly","verified":false,"_id":"6693c7d09d3147ddbb2fb53d","__v":0}' 
[info] : 14-07-2024 18:12:56.5656 - Response send with 500 Internal Server Error;  50b sent 
[info] : 14-07-2024 18:14:42.4242 - Request recieved POST /signup 
[info] : 14-07-2024 18:14:42.4242 - [controllers/auth/signup] : signup() func started... 
[error] : 14-07-2024 18:14:42.4242 - [controllers/auth/signup] ERRORCannot create property 'Symbol(level)' on string 'New User is created:  + {"name":"Jasmeet Kaur","email":"jasssi@gmail.com","password":"$2b$10$qmBJOOJ.iUIg/bJvR5AEruMEjNASlz8dsX.ChVohDE8W6k1xy80w2","verified":false,"_id":"6693c83a881c5f549c5a42ac","__v":0}' 
[info] : 14-07-2024 18:14:42.4242 - Response send with 500 Internal Server Error;  50b sent 
[info] : 14-07-2024 18:16:47.4747 - Request recieved POST /signup 
[info] : 14-07-2024 18:16:47.4747 - [controllers/auth/signup] : signup() func started... 
[error] : 14-07-2024 18:16:47.4747 - [controllers/auth/signup] ERRORCannot create property 'Symbol(level)' on string 'New User is created: {"name":"Jasmeet Kaur","email":"jasssi@gmail.com","password":"$2b$10$vRBt4J82rvGx6uOUHHeRaenk5ETQpA0vaw0Xp0clbIzVTyTZob1A6","verified":false,"_id":"6693c8b7f898af2e403f438d","__v":0}' 
[info] : 14-07-2024 18:16:47.4747 - Response send with 500 Internal Server Error;  50b sent 
[info] : 14-07-2024 18:17:16.1616 - Request recieved POST /signup 
[info] : 14-07-2024 18:17:16.1616 - [controllers/auth/signup] : signup() func started... 
[warn] : 14-07-2024 18:17:16.1616 - Found existing user with this email: jasssi@gmail.com 
[info] : 14-07-2024 18:17:16.1616 - Response send with 400 Bad Request;  33b sent 
[info] : 14-07-2024 18:17:28.2828 - Request recieved POST /signup 
[info] : 14-07-2024 18:17:28.2828 - [controllers/auth/signup] : signup() func started... 
[info] : 14-07-2024 18:17:28.2828 - Response send with 200 OK;  411b sent 
